<?xml version="1.0" encoding="UTF-8"?>
<coverage generated="1712788851432" clover="3.2.0">
  <project timestamp="1712788851432" name="All files">
    <metrics statements="7" coveredstatements="6" conditionals="2" coveredconditionals="1" methods="6" coveredmethods="4" elements="15" coveredelements="11" complexity="0" loc="7" ncloc="7" packages="2" files="3" classes="3"/>
    <package name="lib">
      <metrics statements="3" coveredstatements="3" conditionals="0" coveredconditionals="0" methods="5" coveredmethods="3"/>
      <file name="array.js" path="/Users/leonardo/Downloads/tmp/test-coverage-tracker-example/src/lib/array.js">
        <metrics statements="2" coveredstatements="2" conditionals="0" coveredconditionals="0" methods="4" coveredmethods="2"/>
        <line num="1" count="3" type="stmt"/>
        <line num="3" count="1" type="stmt"/>
      </file>
      <file name="string.js" path="/Users/leonardo/Downloads/tmp/test-coverage-tracker-example/src/lib/string.js">
        <metrics statements="1" coveredstatements="1" conditionals="0" coveredconditionals="0" methods="1" coveredmethods="1"/>
        <line num="1" count="1" type="stmt"/>
      </file>
    </package>
    <package name="math">
      <metrics statements="4" coveredstatements="3" conditionals="2" coveredconditionals="1" methods="1" coveredmethods="1"/>
      <file name="calculator.js" path="/Users/leonardo/Downloads/tmp/test-coverage-tracker-example/src/math/calculator.js">
        <metrics statements="4" coveredstatements="3" conditionals="2" coveredconditionals="1" methods="1" coveredmethods="1"/>
        <line num="1" count="1" type="stmt"/>
        <line num="2" count="1" type="cond" truecount="1" falsecount="1"/>
        <line num="3" count="0" type="stmt"/>
        <line num="6" count="1" type="stmt"/>
      </file>
    </package>
  </project>
</coverage>
