{"/Users/leonardo/Downloads/tmp/test-coverage-tracker-example/src/lib/array.js": {"path":"/Users/leonardo/Downloads/tmp/test-coverage-tracker-example/src/lib/array.js","statementMap":{"0":{"start":{"line":1,"column":22},"end":{"line":1,"column":65}},"1":{"start":{"line":1,"column":33},"end":{"line":1,"column":65}},"2":{"start":{"line":1,"column":53},"end":{"line":1,"column":64}},"3":{"start":{"line":3,"column":20},"end":{"line":3,"column":70}},"4":{"start":{"line":3,"column":31},"end":{"line":3,"column":70}},"5":{"start":{"line":3,"column":51},"end":{"line":3,"column":69}}},"fnMap":{"0":{"name":"(anonymous_0)","decl":{"start":{"line":1,"column":22},"end":{"line":1,"column":23}},"loc":{"start":{"line":1,"column":33},"end":{"line":1,"column":65}},"line":1},"1":{"name":"(anonymous_1)","decl":{"start":{"line":1,"column":43},"end":{"line":1,"column":44}},"loc":{"start":{"line":1,"column":53},"end":{"line":1,"column":64}},"line":1},"2":{"name":"(anonymous_2)","decl":{"start":{"line":3,"column":20},"end":{"line":3,"column":21}},"loc":{"start":{"line":3,"column":31},"end":{"line":3,"column":70}},"line":3},"3":{"name":"(anonymous_3)","decl":{"start":{"line":3,"column":41},"end":{"line":3,"column":42}},"loc":{"start":{"line":3,"column":51},"end":{"line":3,"column":69}},"line":3}},"branchMap":{},"s":{"0":1,"1":1,"2":3,"3":1,"4":0,"5":0},"f":{"0":1,"1":3,"2":0,"3":0},"b":{},"inputSourceMap":null,"_coverageSchema":"1a1c01bbd47fc00a2c39e90264f33305004495a9","hash":"4f2d256b704f6d5b02efcdfa365bdf5258f916aa"}
,"/Users/leonardo/Downloads/tmp/test-coverage-tracker-example/src/lib/string.js": {"path":"/Users/leonardo/Downloads/tmp/test-coverage-tracker-example/src/lib/string.js","statementMap":{"0":{"start":{"line":1,"column":23},"end":{"line":1,"column":68}},"1":{"start":{"line":1,"column":34},"end":{"line":1,"column":68}}},"fnMap":{"0":{"name":"(anonymous_0)","decl":{"start":{"line":1,"column":23},"end":{"line":1,"column":24}},"loc":{"start":{"line":1,"column":34},"end":{"line":1,"column":68}},"line":1}},"branchMap":{},"s":{"0":1,"1":1},"f":{"0":1},"b":{},"inputSourceMap":null,"_coverageSchema":"1a1c01bbd47fc00a2c39e90264f33305004495a9","hash":"e06c44a0828b03fff117bad39e4fcfb04c091ec1"}
,"/Users/leonardo/Downloads/tmp/test-coverage-tracker-example/src/math/calculator.js": {"path":"/Users/leonardo/Downloads/tmp/test-coverage-tracker-example/src/math/calculator.js","statementMap":{"0":{"start":{"line":1,"column":22},"end":{"line":7,"column":1}},"1":{"start":{"line":2,"column":2},"end":{"line":4,"column":3}},"2":{"start":{"line":3,"column":4},"end":{"line":3,"column":55}},"3":{"start":{"line":6,"column":2},"end":{"line":6,"column":33}}},"fnMap":{"0":{"name":"(anonymous_0)","decl":{"start":{"line":1,"column":22},"end":{"line":1,"column":23}},"loc":{"start":{"line":1,"column":50},"end":{"line":7,"column":1}},"line":1}},"branchMap":{"0":{"loc":{"start":{"line":2,"column":2},"end":{"line":4,"column":3}},"type":"if","locations":[{"start":{"line":2,"column":2},"end":{"line":4,"column":3}},{"start":{},"end":{}}],"line":2}},"s":{"0":1,"1":1,"2":0,"3":1},"f":{"0":1},"b":{"0":[0,1]},"inputSourceMap":null,"_coverageSchema":"1a1c01bbd47fc00a2c39e90264f33305004495a9","hash":"f8c5fd0dae0eedbbfaddc6c71148c80f4715b6a5"}
}
